<?xml version="1.0" encoding="UTF-8"?>
<!-- Generated by org.testng.reporters.JUnitReportReporter -->
<testsuite hostname="Gokul_Sujatha" failures="0" tests="1" name="test_Cases.Adding_the_product_TC" time="0.014" errors="0" timestamp="2023-08-05T16:40:02 IST" skipped="0">
  <testcase classname="test_Cases.Adding_the_product_TC" name="add_product" time="0.014"/>
</testsuite> <!-- test_Cases.Adding_the_product_TC -->
