<?xml version="1.0" encoding="UTF-8"?>
<!-- Generated by org.testng.reporters.JUnitReportReporter -->
<testsuite hostname="Gokul_Sujatha" failures="0" tests="1" name="step.Cart_Page" time="21.555" errors="0" timestamp="2023-08-07T18:17:40 IST" skipped="0">
  <testcase classname="step.Cart_Page" name="Incresing_the_product_Quantity" time="21.555"/>
</testsuite> <!-- step.Cart_Page -->
